<?xml version="1.0" encoding="UTF-8"?>
<!-- Generated by org.testng.reporters.JUnitReportReporter -->
<testsuite hostname="DESKTOP-JPBOFE2" name="com.EBanking.masters.Exepom" tests="5" failures="0" timestamp="6 May 2021 11:17:57 GMT" time="66.633" errors="0">
  <testcase name="Employee" time="12.853" classname="com.EBanking.masters.Exepom"/>
  <testcase name="Roles" time="6.359" classname="com.EBanking.masters.Exepom"/>
  <testcase name="Branches" time="33.429" classname="com.EBanking.masters.Exepom"/>
  <testcase name="Roles" time="7.573" classname="com.EBanking.masters.Exepom"/>
  <testcase name="Roles" time="6.419" classname="com.EBanking.masters.Exepom"/>
</testsuite> <!-- com.EBanking.masters.Exepom -->
