<?xml version="1.0" encoding="UTF-8"?>
<!-- Generated by org.testng.reporters.JUnitReportReporter -->
<testsuite hostname="DESKTOP-JPBOFE2" name="com.EBanking.masters.SeleniumGrid" tests="1" failures="0" timestamp="14 May 2021 12:27:59 GMT" time="11.149" errors="0">
  <testcase name="Gd" time="11.149" classname="com.EBanking.masters.SeleniumGrid"/>
</testsuite> <!-- com.EBanking.masters.SeleniumGrid -->
