<?xml version="1.0" encoding="UTF-8"?>
<!-- Generated by org.testng.reporters.JUnitReportReporter -->
<testsuite hostname="DESKTOP-JPBOFE2" name="com.EBanking.masters.EmployeeCreang" tests="2" failures="0" timestamp="5 May 2021 10:21:02 GMT" time="22.435" errors="0">
  <testcase name="employeecrea" time="10.817" classname="com.EBanking.masters.EmployeeCreang"/>
  <testcase name="employeecrea" time="11.618" classname="com.EBanking.masters.EmployeeCreang"/>
</testsuite> <!-- com.EBanking.masters.EmployeeCreang -->
