<?xml version="1.0" encoding="UTF-8"?>
<!-- Generated by org.testng.reporters.JUnitReportReporter -->
<testsuite hostname="DESKTOP-JPBOFE2" name="com.EBanking.masters.Rolecreng" tests="3" failures="0" timestamp="5 May 2021 10:21:02 GMT" time="8.534" errors="0">
  <testcase name="Rolecrea" time="2.848" classname="com.EBanking.masters.Rolecreng"/>
  <testcase name="Rolecrea" time="2.503" classname="com.EBanking.masters.Rolecreng"/>
  <testcase name="Rolecrea" time="3.183" classname="com.EBanking.masters.Rolecreng"/>
</testsuite> <!-- com.EBanking.masters.Rolecreng -->
