<?xml version="1.0" encoding="UTF-8"?>
<!-- Generated by org.testng.reporters.JUnitReportReporter -->
<testsuite hostname="DESKTOP-JPBOFE2" name="com.EBanking.masters.Branchcreng" tests="2" failures="0" timestamp="5 May 2021 10:21:02 GMT" time="19.334" errors="0">
  <testcase name="Branchcrea" time="9.817" classname="com.EBanking.masters.Branchcreng"/>
  <testcase name="Branchcrea" time="9.517" classname="com.EBanking.masters.Branchcreng"/>
</testsuite> <!-- com.EBanking.masters.Branchcreng -->
