<?xml version="1.0" encoding="UTF-8"?>
<!-- Generated by org.testng.reporters.JUnitReportReporter -->
<testsuite hostname="DESKTOP-JPBOFE2" name="com.EBanking.scripts.SampleTestng" tests="3" failures="0" timestamp="3 May 2021 10:16:12 GMT" time="12.014" errors="0">
  <testcase name="Launch" time="9.087" classname="com.EBanking.scripts.SampleTestng"/>
  <testcase name="Admin_log" time="2.114" classname="com.EBanking.scripts.SampleTestng"/>
  <testcase name="Close" time="0.813" classname="com.EBanking.scripts.SampleTestng"/>
</testsuite> <!-- com.EBanking.scripts.SampleTestng -->
