<?xml version="1.0" encoding="UTF-8"?>
<!-- Generated by org.testng.reporters.JUnitReportReporter -->
<testsuite hostname="DESKTOP-JPBOFE2" name="com.EBanking.masters.SeleniumGrid3" tests="2" failures="0" timestamp="14 May 2021 12:53:57 GMT" time="21.594" errors="0">
  <testcase name="Gd" time="6.988" classname="com.EBanking.masters.SeleniumGrid3"/>
  <testcase name="Gd" time="14.606" classname="com.EBanking.masters.SeleniumGrid3"/>
</testsuite> <!-- com.EBanking.masters.SeleniumGrid3 -->
